[2026-05-26T15:32:05.082Z] [INFO] Scheduled task: Full anatomy rescan (0 */6 * * *)
[2026-05-26T15:32:05.084Z] [INFO] Scheduled task: Consolidate old memory (0 2 * * *)
[2026-05-26T15:32:05.087Z] [INFO] Scheduled task: Token audit report (0 0 * * 1)
[2026-05-26T15:32:05.089Z] [INFO] Scheduled task: Cerebrum reflection (0 3 * * 0)
[2026-05-26T15:32:05.093Z] [INFO] Scheduled task: AI suggestions (0 4 * * 1)
[2026-05-26T15:32:05.099Z] [INFO] File watcher started on .wolf/
[2026-05-26T15:32:05.103Z] [INFO] OpenWolf daemon started
[2026-05-26T15:32:05.104Z] [INFO] Dashboard server listening on port 18791
[2026-05-26T15:32:05.587Z] [INFO] Scheduled task: Full anatomy rescan (0 */6 * * *)
[2026-05-26T15:32:05.595Z] [INFO] Scheduled task: Consolidate old memory (0 2 * * *)
[2026-05-26T15:32:05.604Z] [INFO] Scheduled task: Token audit report (0 0 * * 1)
[2026-05-26T15:32:05.608Z] [INFO] Scheduled task: Cerebrum reflection (0 3 * * 0)
[2026-05-26T15:32:05.616Z] [INFO] Scheduled task: AI suggestions (0 4 * * 1)
[2026-05-26T15:32:05.622Z] [INFO] File watcher started on .wolf/
[2026-05-26T15:32:05.637Z] [INFO] OpenWolf daemon started
[2026-05-26T15:32:05.642Z] [INFO] Dashboard server listening on port 18791
[2026-05-26T15:32:06.465Z] [INFO] Scheduled task: Full anatomy rescan (0 */6 * * *)
[2026-05-26T15:32:06.495Z] [INFO] Scheduled task: Consolidate old memory (0 2 * * *)
[2026-05-26T15:32:06.508Z] [INFO] Scheduled task: Token audit report (0 0 * * 1)
[2026-05-26T15:32:06.518Z] [INFO] Scheduled task: Cerebrum reflection (0 3 * * 0)
[2026-05-26T15:32:06.531Z] [INFO] Scheduled task: AI suggestions (0 4 * * 1)
[2026-05-26T15:32:06.550Z] [INFO] File watcher started on .wolf/
[2026-05-26T15:32:06.629Z] [INFO] OpenWolf daemon started
[2026-05-26T15:32:06.631Z] [INFO] Dashboard server listening on port 18791
[2026-05-26T15:32:06.945Z] [INFO] Scheduled task: Full anatomy rescan (0 */6 * * *)
[2026-05-26T15:32:06.946Z] [INFO] Scheduled task: Consolidate old memory (0 2 * * *)
[2026-05-26T15:32:06.950Z] [INFO] Scheduled task: Token audit report (0 0 * * 1)
[2026-05-26T15:32:06.952Z] [INFO] Scheduled task: Cerebrum reflection (0 3 * * 0)
[2026-05-26T15:32:06.955Z] [INFO] Scheduled task: AI suggestions (0 4 * * 1)
[2026-05-26T15:32:06.960Z] [INFO] File watcher started on .wolf/
[2026-05-26T15:32:06.965Z] [INFO] OpenWolf daemon started
[2026-05-26T15:32:06.967Z] [INFO] Dashboard server listening on port 18791
[2026-05-26T15:32:07.104Z] [INFO] Scheduled task: Full anatomy rescan (0 */6 * * *)
[2026-05-26T15:32:07.106Z] [INFO] Scheduled task: Consolidate old memory (0 2 * * *)
[2026-05-26T15:32:07.110Z] [INFO] Scheduled task: Token audit report (0 0 * * 1)
[2026-05-26T15:32:07.112Z] [INFO] Scheduled task: Cerebrum reflection (0 3 * * 0)
[2026-05-26T15:32:07.114Z] [INFO] Scheduled task: AI suggestions (0 4 * * 1)
[2026-05-26T15:32:07.118Z] [INFO] File watcher started on .wolf/
[2026-05-26T15:32:07.132Z] [INFO] OpenWolf daemon started
[2026-05-26T15:32:07.134Z] [INFO] Dashboard server listening on port 18791
[2026-05-26T15:32:07.295Z] [INFO] Scheduled task: Full anatomy rescan (0 */6 * * *)
[2026-05-26T15:32:07.296Z] [INFO] Scheduled task: Consolidate old memory (0 2 * * *)
[2026-05-26T15:32:07.299Z] [INFO] Scheduled task: Token audit report (0 0 * * 1)
[2026-05-26T15:32:07.301Z] [INFO] Scheduled task: Cerebrum reflection (0 3 * * 0)
[2026-05-26T15:32:07.303Z] [INFO] Scheduled task: AI suggestions (0 4 * * 1)
[2026-05-26T15:32:07.306Z] [INFO] File watcher started on .wolf/
[2026-05-26T15:32:07.317Z] [INFO] OpenWolf daemon started
[2026-05-26T15:32:07.322Z] [INFO] Dashboard server listening on port 18791
[2026-05-26T15:32:07.586Z] [INFO] Scheduled task: Full anatomy rescan (0 */6 * * *)
[2026-05-26T15:32:07.592Z] [INFO] Scheduled task: Consolidate old memory (0 2 * * *)
[2026-05-26T15:32:07.603Z] [INFO] Scheduled task: Token audit report (0 0 * * 1)
[2026-05-26T15:32:07.614Z] [INFO] Scheduled task: Cerebrum reflection (0 3 * * 0)
[2026-05-26T15:32:07.617Z] [INFO] Scheduled task: AI suggestions (0 4 * * 1)
[2026-05-26T15:32:07.624Z] [INFO] File watcher started on .wolf/
[2026-05-26T15:32:07.651Z] [INFO] OpenWolf daemon started
[2026-05-26T15:32:07.656Z] [INFO] Dashboard server listening on port 18791
[2026-05-26T15:32:07.953Z] [INFO] Scheduled task: Full anatomy rescan (0 */6 * * *)
[2026-05-26T15:32:07.955Z] [INFO] Scheduled task: Consolidate old memory (0 2 * * *)
[2026-05-26T15:32:07.959Z] [INFO] Scheduled task: Token audit report (0 0 * * 1)
[2026-05-26T15:32:07.961Z] [INFO] Scheduled task: Cerebrum reflection (0 3 * * 0)
[2026-05-26T15:32:07.965Z] [INFO] Scheduled task: AI suggestions (0 4 * * 1)
[2026-05-26T15:32:07.968Z] [INFO] File watcher started on .wolf/
[2026-05-26T15:32:07.977Z] [INFO] OpenWolf daemon started
[2026-05-26T15:32:07.980Z] [INFO] Dashboard server listening on port 18791
[2026-05-26T15:32:08.178Z] [INFO] Scheduled task: Full anatomy rescan (0 */6 * * *)
[2026-05-26T15:32:08.395Z] [INFO] Scheduled task: Consolidate old memory (0 2 * * *)
[2026-05-26T15:32:08.405Z] [INFO] Scheduled task: Token audit report (0 0 * * 1)
[2026-05-26T15:32:08.427Z] [INFO] Scheduled task: Cerebrum reflection (0 3 * * 0)
[2026-05-26T15:32:08.445Z] [INFO] Scheduled task: AI suggestions (0 4 * * 1)
[2026-05-26T15:32:08.465Z] [INFO] File watcher started on .wolf/
[2026-05-26T15:32:08.504Z] [INFO] OpenWolf daemon started
[2026-05-26T15:32:08.508Z] [INFO] Dashboard server listening on port 18791
[2026-05-26T15:32:08.728Z] [INFO] Scheduled task: Full anatomy rescan (0 */6 * * *)
[2026-05-26T15:32:08.732Z] [INFO] Scheduled task: Consolidate old memory (0 2 * * *)
[2026-05-26T15:32:08.734Z] [INFO] Scheduled task: Token audit report (0 0 * * 1)
[2026-05-26T15:32:08.735Z] [INFO] Scheduled task: Cerebrum reflection (0 3 * * 0)
[2026-05-26T15:32:08.737Z] [INFO] Scheduled task: AI suggestions (0 4 * * 1)
[2026-05-26T15:32:08.739Z] [INFO] File watcher started on .wolf/
[2026-05-26T15:32:08.743Z] [INFO] OpenWolf daemon started
[2026-05-26T15:32:08.745Z] [INFO] Dashboard server listening on port 18791
[2026-05-26T15:32:08.887Z] [INFO] Scheduled task: Full anatomy rescan (0 */6 * * *)
[2026-05-26T15:32:08.888Z] [INFO] Scheduled task: Consolidate old memory (0 2 * * *)
[2026-05-26T15:32:08.890Z] [INFO] Scheduled task: Token audit report (0 0 * * 1)
[2026-05-26T15:32:08.892Z] [INFO] Scheduled task: Cerebrum reflection (0 3 * * 0)
[2026-05-26T15:32:08.893Z] [INFO] Scheduled task: AI suggestions (0 4 * * 1)
[2026-05-26T15:32:08.895Z] [INFO] File watcher started on .wolf/
[2026-05-26T15:32:08.900Z] [INFO] OpenWolf daemon started
[2026-05-26T15:32:08.901Z] [INFO] Dashboard server listening on port 18791
[2026-05-26T15:32:09.016Z] [INFO] Scheduled task: Full anatomy rescan (0 */6 * * *)
[2026-05-26T15:32:09.019Z] [INFO] Scheduled task: Consolidate old memory (0 2 * * *)
[2026-05-26T15:32:09.021Z] [INFO] Scheduled task: Token audit report (0 0 * * 1)
[2026-05-26T15:32:09.023Z] [INFO] Scheduled task: Cerebrum reflection (0 3 * * 0)
[2026-05-26T15:32:09.024Z] [INFO] Scheduled task: AI suggestions (0 4 * * 1)
[2026-05-26T15:32:09.026Z] [INFO] File watcher started on .wolf/
[2026-05-26T15:32:09.032Z] [INFO] OpenWolf daemon started
[2026-05-26T15:32:09.033Z] [INFO] Dashboard server listening on port 18791
[2026-05-26T15:32:09.205Z] [INFO] Scheduled task: Full anatomy rescan (0 */6 * * *)
[2026-05-26T15:32:09.206Z] [INFO] Scheduled task: Consolidate old memory (0 2 * * *)
[2026-05-26T15:32:09.208Z] [INFO] Scheduled task: Token audit report (0 0 * * 1)
[2026-05-26T15:32:09.211Z] [INFO] Scheduled task: Cerebrum reflection (0 3 * * 0)
[2026-05-26T15:32:09.215Z] [INFO] Scheduled task: AI suggestions (0 4 * * 1)
[2026-05-26T15:32:09.222Z] [INFO] File watcher started on .wolf/
[2026-05-26T15:32:09.231Z] [INFO] OpenWolf daemon started
[2026-05-26T15:32:09.237Z] [INFO] Dashboard server listening on port 18791
[2026-05-26T15:32:09.654Z] [INFO] Scheduled task: Full anatomy rescan (0 */6 * * *)
[2026-05-26T15:32:09.656Z] [INFO] Scheduled task: Consolidate old memory (0 2 * * *)
[2026-05-26T15:32:09.673Z] [INFO] Scheduled task: Token audit report (0 0 * * 1)
[2026-05-26T15:32:09.692Z] [INFO] Scheduled task: Cerebrum reflection (0 3 * * 0)
[2026-05-26T15:32:09.710Z] [INFO] Scheduled task: AI suggestions (0 4 * * 1)
[2026-05-26T15:32:09.724Z] [INFO] File watcher started on .wolf/
[2026-05-26T15:32:09.753Z] [INFO] OpenWolf daemon started
[2026-05-26T15:32:09.764Z] [INFO] Dashboard server listening on port 18791
[2026-05-26T15:32:10.005Z] [INFO] Scheduled task: Full anatomy rescan (0 */6 * * *)
[2026-05-26T15:32:10.009Z] [INFO] Scheduled task: Consolidate old memory (0 2 * * *)
[2026-05-26T15:32:10.020Z] [INFO] Scheduled task: Token audit report (0 0 * * 1)
[2026-05-26T15:32:10.027Z] [INFO] Scheduled task: Cerebrum reflection (0 3 * * 0)
[2026-05-26T15:32:10.043Z] [INFO] Scheduled task: AI suggestions (0 4 * * 1)
[2026-05-26T15:32:10.052Z] [INFO] File watcher started on .wolf/
[2026-05-26T15:32:10.098Z] [INFO] OpenWolf daemon started
[2026-05-26T15:32:10.113Z] [INFO] Dashboard server listening on port 18791
[2026-05-26T15:32:10.858Z] [INFO] Scheduled task: Full anatomy rescan (0 */6 * * *)
[2026-05-26T15:32:10.863Z] [INFO] Scheduled task: Consolidate old memory (0 2 * * *)
[2026-05-26T15:32:10.878Z] [INFO] Scheduled task: Token audit report (0 0 * * 1)
[2026-05-26T15:32:10.891Z] [INFO] Scheduled task: Cerebrum reflection (0 3 * * 0)
[2026-05-26T15:32:10.905Z] [INFO] Scheduled task: AI suggestions (0 4 * * 1)
[2026-05-26T15:32:10.915Z] [INFO] File watcher started on .wolf/
[2026-05-26T15:32:10.934Z] [INFO] OpenWolf daemon started
[2026-05-26T15:32:10.938Z] [INFO] Dashboard server listening on port 18791
[2026-05-26T15:32:11.332Z] [INFO] Scheduled task: Full anatomy rescan (0 */6 * * *)
[2026-05-26T15:32:11.380Z] [INFO] Scheduled task: Consolidate old memory (0 2 * * *)
[2026-05-26T15:32:11.396Z] [INFO] Scheduled task: Token audit report (0 0 * * 1)
[2026-05-26T15:32:11.402Z] [INFO] Scheduled task: Cerebrum reflection (0 3 * * 0)
[2026-05-26T15:32:11.410Z] [INFO] Scheduled task: AI suggestions (0 4 * * 1)
[2026-05-26T15:32:11.422Z] [INFO] File watcher started on .wolf/
[2026-05-26T15:32:11.485Z] [INFO] OpenWolf daemon started
[2026-05-26T15:32:11.492Z] [INFO] Dashboard server listening on port 18791
[2026-05-29T22:10:46.645Z] [INFO] Cron manifest changed — restart daemon to apply
[2026-05-29T22:10:46.665Z] [INFO] Config changed — hot-reload not fully implemented yet
[2026-05-30T04:00:00.766Z] [INFO] Executing task: Full anatomy rescan
[2026-05-30T04:00:03.573Z] [INFO] Task Full anatomy rescan completed in 2805ms
[2026-05-30T06:00:00.307Z] [INFO] Executing task: Consolidate old memory
[2026-05-30T06:00:00.332Z] [INFO] Task Consolidate old memory completed in 23ms
[2026-05-30T10:00:00.759Z] [INFO] Executing task: Full anatomy rescan
[2026-05-30T10:00:04.802Z] [INFO] Task Full anatomy rescan completed in 4041ms
[2026-05-30T16:00:00.243Z] [INFO] Executing task: Full anatomy rescan
[2026-05-30T16:00:05.519Z] [INFO] Task Full anatomy rescan completed in 5275ms
[2026-05-30T22:00:00.444Z] [INFO] Executing task: Full anatomy rescan
[2026-05-30T22:00:02.677Z] [INFO] Task Full anatomy rescan completed in 2233ms
[2026-05-31T04:00:00.246Z] [INFO] Executing task: Full anatomy rescan
[2026-05-31T04:00:03.081Z] [INFO] Task Full anatomy rescan completed in 2835ms
[2026-05-31T06:00:00.965Z] [INFO] Executing task: Consolidate old memory
[2026-05-31T06:00:00.996Z] [INFO] Task Consolidate old memory completed in 30ms
[2026-05-31T07:00:00.960Z] [INFO] Executing task: Cerebrum reflection
[2026-05-31T07:00:36.321Z] [INFO] Task Cerebrum reflection completed in 35360ms
